  [1m[36m (142.6ms)[0m  [1mCREATE TABLE "schema_migrations" ("version" varchar NOT NULL) [0m
  [1m[35m (0.1ms)[0m  select sqlite_version(*)
  [1m[36m (160.3ms)[0m  [1mCREATE UNIQUE INDEX "unique_schema_migrations" ON "schema_migrations" ("version")[0m
  [1m[35mActiveRecord::SchemaMigration Load (0.2ms)[0m  SELECT "schema_migrations".* FROM "schema_migrations"
Migrating to CreateTasks (20140620105502)
  [1m[36m (0.1ms)[0m  [1mbegin transaction[0m
  [1m[35m (1.8ms)[0m  CREATE TABLE "tasks" ("id" INTEGER PRIMARY KEY AUTOINCREMENT NOT NULL, "created_at" datetime NOT NULL, "updated_at" datetime NOT NULL, "description" varchar NOT NULL, "deadline" datetime) 
  [1m[36mSQL (0.4ms)[0m  [1mINSERT INTO "schema_migrations" ("version") VALUES (?)[0m  [["version", "20140620105502"]]
  [1m[35m (197.2ms)[0m  commit transaction
  [1m[36mActiveRecord::SchemaMigration Load (0.1ms)[0m  [1mSELECT "schema_migrations".* FROM "schema_migrations"[0m


Started GET "/" for 127.0.0.1 at 2018-11-13 15:13:42 +0100
  [1m[36mActiveRecord::SchemaMigration Load (0.3ms)[0m  [1mSELECT "schema_migrations".* FROM "schema_migrations"[0m
Processing by TasksController#index as HTML
  [1m[35mTask Load (0.2ms)[0m  SELECT "tasks".* FROM "tasks"
  Rendered tasks/index.html.erb within layouts/application (4.9ms)
Completed 200 OK in 1081ms (Views: 1064.3ms | ActiveRecord: 0.3ms)


Started GET "/assets/application.css?body=1" for 127.0.0.1 at 2018-11-13 15:13:43 +0100


Started GET "/assets/jquery.js?body=1" for 127.0.0.1 at 2018-11-13 15:13:44 +0100


Started GET "/assets/jquery_ujs.js?body=1" for 127.0.0.1 at 2018-11-13 15:13:44 +0100


Started GET "/assets/turbolinks.js?body=1" for 127.0.0.1 at 2018-11-13 15:13:44 +0100


Started GET "/assets/application.js?body=1" for 127.0.0.1 at 2018-11-13 15:13:44 +0100


Started GET "/tasks/new" for 127.0.0.1 at 2018-11-13 15:13:48 +0100
Processing by TasksController#new as HTML
  Rendered tasks/_form.html.erb (169.0ms)
  Rendered tasks/new.html.erb within layouts/application (192.2ms)
Completed 200 OK in 270ms (Views: 266.3ms | ActiveRecord: 0.3ms)


Started GET "/" for ::1 at 2018-11-13 16:42:45 +0100
  [1m[36mActiveRecord::SchemaMigration Load (0.1ms)[0m  [1mSELECT "schema_migrations".* FROM "schema_migrations"[0m
Processing by TasksController#index as HTML
  [1m[35mTask Load (0.2ms)[0m  SELECT "tasks".* FROM "tasks"
  Rendered tasks/index.html.erb within layouts/application (6.6ms)
Completed 200 OK in 220ms (Views: 205.6ms | ActiveRecord: 0.3ms)


Started GET "/assets/jquery_ujs.js?body=1" for ::1 at 2018-11-13 16:42:46 +0100


Started GET "/assets/jquery.js?body=1" for ::1 at 2018-11-13 16:42:46 +0100


Started GET "/assets/turbolinks.js?body=1" for ::1 at 2018-11-13 16:42:46 +0100


Started GET "/assets/application.css?body=1" for ::1 at 2018-11-13 16:42:46 +0100


Started GET "/assets/application.js?body=1" for ::1 at 2018-11-13 16:42:46 +0100


Started GET "/favicon.ico" for ::1 at 2018-11-13 16:42:46 +0100

ActionController::RoutingError (No route matches [GET] "/favicon.ico"):
  actionpack (4.2.10) lib/action_dispatch/middleware/debug_exceptions.rb:21:in `call'
  actionpack (4.2.10) lib/action_dispatch/middleware/show_exceptions.rb:30:in `call'
  railties (4.2.10) lib/rails/rack/logger.rb:38:in `call_app'
  railties (4.2.10) lib/rails/rack/logger.rb:20:in `block in call'
  activesupport (4.2.10) lib/active_support/tagged_logging.rb:68:in `block in tagged'
  activesupport (4.2.10) lib/active_support/tagged_logging.rb:26:in `tagged'
  activesupport (4.2.10) lib/active_support/tagged_logging.rb:68:in `tagged'
  railties (4.2.10) lib/rails/rack/logger.rb:20:in `call'
  actionpack (4.2.10) lib/action_dispatch/middleware/request_id.rb:21:in `call'
  rack (1.6.11) lib/rack/methodoverride.rb:22:in `call'
  rack (1.6.11) lib/rack/runtime.rb:18:in `call'
  activesupport (4.2.10) lib/active_support/cache/strategy/local_cache_middleware.rb:28:in `call'
  rack (1.6.11) lib/rack/lock.rb:17:in `call'
  actionpack (4.2.10) lib/action_dispatch/middleware/static.rb:120:in `call'
  rack (1.6.11) lib/rack/sendfile.rb:113:in `call'
  railties (4.2.10) lib/rails/engine.rb:518:in `call'
  railties (4.2.10) lib/rails/application.rb:165:in `call'
  rack (1.6.11) lib/rack/lock.rb:17:in `call'
  rack (1.6.11) lib/rack/content_length.rb:15:in `call'
  rack (1.6.11) lib/rack/handler/webrick.rb:88:in `service'
  C:/Ruby25-x64/lib/ruby/2.5.0/webrick/httpserver.rb:140:in `service'
  C:/Ruby25-x64/lib/ruby/2.5.0/webrick/httpserver.rb:96:in `run'
  C:/Ruby25-x64/lib/ruby/2.5.0/webrick/server.rb:307:in `block in start_thread'


  Rendered C:/Ruby25-x64/lib/ruby/gems/2.5.0/gems/actionpack-4.2.10/lib/action_dispatch/middleware/templates/rescues/_trace.html.erb (1.1ms)
  Rendered C:/Ruby25-x64/lib/ruby/gems/2.5.0/gems/actionpack-4.2.10/lib/action_dispatch/middleware/templates/routes/_route.html.erb (0.7ms)
  Rendered C:/Ruby25-x64/lib/ruby/gems/2.5.0/gems/actionpack-4.2.10/lib/action_dispatch/middleware/templates/routes/_table.html.erb (17.6ms)
  Rendered C:/Ruby25-x64/lib/ruby/gems/2.5.0/gems/actionpack-4.2.10/lib/action_dispatch/middleware/templates/rescues/_request_and_response.html.erb (1.1ms)
  Rendered C:/Ruby25-x64/lib/ruby/gems/2.5.0/gems/actionpack-4.2.10/lib/action_dispatch/middleware/templates/rescues/routing_error.html.erb within rescues/layout (1357.6ms)


Started GET "/" for ::1 at 2018-11-13 16:49:52 +0100
Processing by TasksController#index as HTML
  [1m[36mTask Load (0.2ms)[0m  [1mSELECT "tasks".* FROM "tasks"[0m
  Rendered tasks/index.html.erb within layouts/application (1.5ms)
Completed 200 OK in 75ms (Views: 74.3ms | ActiveRecord: 0.2ms)


Started GET "/assets/jquery_ujs.js?body=1" for ::1 at 2018-11-13 16:49:52 +0100


Started GET "/assets/turbolinks.js?body=1" for ::1 at 2018-11-13 16:49:52 +0100


Started GET "/assets/jquery.js?body=1" for ::1 at 2018-11-13 16:49:52 +0100


Started GET "/assets/application.js?body=1" for ::1 at 2018-11-13 16:49:52 +0100


Started GET "/assets/application.css?body=1" for ::1 at 2018-11-13 16:49:52 +0100


Started GET "/favicon.ico" for ::1 at 2018-11-13 16:49:52 +0100

ActionController::RoutingError (No route matches [GET] "/favicon.ico"):
  actionpack (4.2.10) lib/action_dispatch/middleware/debug_exceptions.rb:21:in `call'
  actionpack (4.2.10) lib/action_dispatch/middleware/show_exceptions.rb:30:in `call'
  railties (4.2.10) lib/rails/rack/logger.rb:38:in `call_app'
  railties (4.2.10) lib/rails/rack/logger.rb:20:in `block in call'
  activesupport (4.2.10) lib/active_support/tagged_logging.rb:68:in `block in tagged'
  activesupport (4.2.10) lib/active_support/tagged_logging.rb:26:in `tagged'
  activesupport (4.2.10) lib/active_support/tagged_logging.rb:68:in `tagged'
  railties (4.2.10) lib/rails/rack/logger.rb:20:in `call'
  actionpack (4.2.10) lib/action_dispatch/middleware/request_id.rb:21:in `call'
  rack (1.6.11) lib/rack/methodoverride.rb:22:in `call'
  rack (1.6.11) lib/rack/runtime.rb:18:in `call'
  activesupport (4.2.10) lib/active_support/cache/strategy/local_cache_middleware.rb:28:in `call'
  rack (1.6.11) lib/rack/lock.rb:17:in `call'
  actionpack (4.2.10) lib/action_dispatch/middleware/static.rb:120:in `call'
  rack (1.6.11) lib/rack/sendfile.rb:113:in `call'
  railties (4.2.10) lib/rails/engine.rb:518:in `call'
  railties (4.2.10) lib/rails/application.rb:165:in `call'
  rack (1.6.11) lib/rack/lock.rb:17:in `call'
  rack (1.6.11) lib/rack/content_length.rb:15:in `call'
  rack (1.6.11) lib/rack/handler/webrick.rb:88:in `service'
  C:/Ruby25-x64/lib/ruby/2.5.0/webrick/httpserver.rb:140:in `service'
  C:/Ruby25-x64/lib/ruby/2.5.0/webrick/httpserver.rb:96:in `run'
  C:/Ruby25-x64/lib/ruby/2.5.0/webrick/server.rb:307:in `block in start_thread'


  Rendered C:/Ruby25-x64/lib/ruby/gems/2.5.0/gems/actionpack-4.2.10/lib/action_dispatch/middleware/templates/rescues/_trace.html.erb (1.4ms)
  Rendered C:/Ruby25-x64/lib/ruby/gems/2.5.0/gems/actionpack-4.2.10/lib/action_dispatch/middleware/templates/routes/_route.html.erb (0.9ms)
  Rendered C:/Ruby25-x64/lib/ruby/gems/2.5.0/gems/actionpack-4.2.10/lib/action_dispatch/middleware/templates/routes/_table.html.erb (1.1ms)
  Rendered C:/Ruby25-x64/lib/ruby/gems/2.5.0/gems/actionpack-4.2.10/lib/action_dispatch/middleware/templates/rescues/_request_and_response.html.erb (1.8ms)
  Rendered C:/Ruby25-x64/lib/ruby/gems/2.5.0/gems/actionpack-4.2.10/lib/action_dispatch/middleware/templates/rescues/routing_error.html.erb within rescues/layout (1584.4ms)


Started GET "/tasks/new" for ::1 at 2018-11-13 16:49:55 +0100
Processing by TasksController#new as HTML
  Rendered tasks/_form.html.erb (163.2ms)
  Rendered tasks/new.html.erb within layouts/application (183.3ms)
Completed 200 OK in 275ms (Views: 270.4ms | ActiveRecord: 0.5ms)


Started GET "/favicon.ico" for ::1 at 2018-11-13 16:49:59 +0100

ActionController::RoutingError (No route matches [GET] "/favicon.ico"):
  actionpack (4.2.10) lib/action_dispatch/middleware/debug_exceptions.rb:21:in `call'
  actionpack (4.2.10) lib/action_dispatch/middleware/show_exceptions.rb:30:in `call'
  railties (4.2.10) lib/rails/rack/logger.rb:38:in `call_app'
  railties (4.2.10) lib/rails/rack/logger.rb:20:in `block in call'
  activesupport (4.2.10) lib/active_support/tagged_logging.rb:68:in `block in tagged'
  activesupport (4.2.10) lib/active_support/tagged_logging.rb:26:in `tagged'
  activesupport (4.2.10) lib/active_support/tagged_logging.rb:68:in `tagged'
  railties (4.2.10) lib/rails/rack/logger.rb:20:in `call'
  actionpack (4.2.10) lib/action_dispatch/middleware/request_id.rb:21:in `call'
  rack (1.6.11) lib/rack/methodoverride.rb:22:in `call'
  rack (1.6.11) lib/rack/runtime.rb:18:in `call'
  activesupport (4.2.10) lib/active_support/cache/strategy/local_cache_middleware.rb:28:in `call'
  rack (1.6.11) lib/rack/lock.rb:17:in `call'
  actionpack (4.2.10) lib/action_dispatch/middleware/static.rb:120:in `call'
  rack (1.6.11) lib/rack/sendfile.rb:113:in `call'
  railties (4.2.10) lib/rails/engine.rb:518:in `call'
  railties (4.2.10) lib/rails/application.rb:165:in `call'
  rack (1.6.11) lib/rack/lock.rb:17:in `call'
  rack (1.6.11) lib/rack/content_length.rb:15:in `call'
  rack (1.6.11) lib/rack/handler/webrick.rb:88:in `service'
  C:/Ruby25-x64/lib/ruby/2.5.0/webrick/httpserver.rb:140:in `service'
  C:/Ruby25-x64/lib/ruby/2.5.0/webrick/httpserver.rb:96:in `run'
  C:/Ruby25-x64/lib/ruby/2.5.0/webrick/server.rb:307:in `block in start_thread'


  Rendered C:/Ruby25-x64/lib/ruby/gems/2.5.0/gems/actionpack-4.2.10/lib/action_dispatch/middleware/templates/rescues/_trace.html.erb (1.2ms)
  Rendered C:/Ruby25-x64/lib/ruby/gems/2.5.0/gems/actionpack-4.2.10/lib/action_dispatch/middleware/templates/routes/_route.html.erb (0.8ms)
  Rendered C:/Ruby25-x64/lib/ruby/gems/2.5.0/gems/actionpack-4.2.10/lib/action_dispatch/middleware/templates/routes/_table.html.erb (2.4ms)
  Rendered C:/Ruby25-x64/lib/ruby/gems/2.5.0/gems/actionpack-4.2.10/lib/action_dispatch/middleware/templates/rescues/_request_and_response.html.erb (1.8ms)
  Rendered C:/Ruby25-x64/lib/ruby/gems/2.5.0/gems/actionpack-4.2.10/lib/action_dispatch/middleware/templates/rescues/routing_error.html.erb within rescues/layout (1718.4ms)


Started GET "/" for ::1 at 2018-11-13 16:50:26 +0100
Processing by TasksController#index as HTML
  [1m[35mTask Load (0.2ms)[0m  SELECT "tasks".* FROM "tasks"
  Rendered tasks/index.html.erb within layouts/application (2.1ms)
Completed 200 OK in 91ms (Views: 89.2ms | ActiveRecord: 0.2ms)


Started GET "/assets/application.css?body=1" for ::1 at 2018-11-13 16:50:27 +0100


Started GET "/assets/jquery_ujs.js?body=1" for ::1 at 2018-11-13 16:50:27 +0100


Started GET "/assets/jquery.js?body=1" for ::1 at 2018-11-13 16:50:27 +0100


Started GET "/assets/turbolinks.js?body=1" for ::1 at 2018-11-13 16:50:27 +0100


Started GET "/assets/application.js?body=1" for ::1 at 2018-11-13 16:50:27 +0100


Started GET "/favicon.ico" for ::1 at 2018-11-13 16:50:27 +0100

ActionController::RoutingError (No route matches [GET] "/favicon.ico"):
  actionpack (4.2.10) lib/action_dispatch/middleware/debug_exceptions.rb:21:in `call'
  actionpack (4.2.10) lib/action_dispatch/middleware/show_exceptions.rb:30:in `call'
  railties (4.2.10) lib/rails/rack/logger.rb:38:in `call_app'
  railties (4.2.10) lib/rails/rack/logger.rb:20:in `block in call'
  activesupport (4.2.10) lib/active_support/tagged_logging.rb:68:in `block in tagged'
  activesupport (4.2.10) lib/active_support/tagged_logging.rb:26:in `tagged'
  activesupport (4.2.10) lib/active_support/tagged_logging.rb:68:in `tagged'
  railties (4.2.10) lib/rails/rack/logger.rb:20:in `call'
  actionpack (4.2.10) lib/action_dispatch/middleware/request_id.rb:21:in `call'
  rack (1.6.11) lib/rack/methodoverride.rb:22:in `call'
  rack (1.6.11) lib/rack/runtime.rb:18:in `call'
  activesupport (4.2.10) lib/active_support/cache/strategy/local_cache_middleware.rb:28:in `call'
  rack (1.6.11) lib/rack/lock.rb:17:in `call'
  actionpack (4.2.10) lib/action_dispatch/middleware/static.rb:120:in `call'
  rack (1.6.11) lib/rack/sendfile.rb:113:in `call'
  railties (4.2.10) lib/rails/engine.rb:518:in `call'
  railties (4.2.10) lib/rails/application.rb:165:in `call'
  rack (1.6.11) lib/rack/lock.rb:17:in `call'
  rack (1.6.11) lib/rack/content_length.rb:15:in `call'
  rack (1.6.11) lib/rack/handler/webrick.rb:88:in `service'
  C:/Ruby25-x64/lib/ruby/2.5.0/webrick/httpserver.rb:140:in `service'
  C:/Ruby25-x64/lib/ruby/2.5.0/webrick/httpserver.rb:96:in `run'
  C:/Ruby25-x64/lib/ruby/2.5.0/webrick/server.rb:307:in `block in start_thread'


  Rendered C:/Ruby25-x64/lib/ruby/gems/2.5.0/gems/actionpack-4.2.10/lib/action_dispatch/middleware/templates/rescues/_trace.html.erb (1.1ms)
  Rendered C:/Ruby25-x64/lib/ruby/gems/2.5.0/gems/actionpack-4.2.10/lib/action_dispatch/middleware/templates/routes/_route.html.erb (0.8ms)
  Rendered C:/Ruby25-x64/lib/ruby/gems/2.5.0/gems/actionpack-4.2.10/lib/action_dispatch/middleware/templates/routes/_table.html.erb (0.9ms)
  Rendered C:/Ruby25-x64/lib/ruby/gems/2.5.0/gems/actionpack-4.2.10/lib/action_dispatch/middleware/templates/rescues/_request_and_response.html.erb (1.0ms)
  Rendered C:/Ruby25-x64/lib/ruby/gems/2.5.0/gems/actionpack-4.2.10/lib/action_dispatch/middleware/templates/rescues/routing_error.html.erb within rescues/layout (1343.5ms)


Started GET "/tasks/new" for ::1 at 2018-11-13 16:50:34 +0100
Processing by TasksController#new as JS
  Rendered tasks/_form.html.erb (6.7ms)
  Rendered tasks/new.html.erb within layouts/application (138.3ms)
Completed 200 OK in 331ms (Views: 330.1ms | ActiveRecord: 0.0ms)


Started GET "/tasks/new" for ::1 at 2018-11-13 16:50:38 +0100
Processing by TasksController#new as JS
  Rendered tasks/_form.html.erb (6.1ms)
  Rendered tasks/new.html.erb within layouts/application (136.2ms)
Completed 200 OK in 337ms (Views: 336.5ms | ActiveRecord: 0.0ms)


Started GET "/" for ::1 at 2018-11-13 16:58:02 +0100

ActionController::RoutingError (The controller-level `respond_to' feature has been extracted to the `responders` gem. Add it to your Gemfile to continue using this feature:
  gem 'responders', '~> 2.0'
Consult the Rails upgrade guide for details.):
  app/controllers/tasks_controller.rb:4:in `<class:TasksController>'
  app/controllers/tasks_controller.rb:1:in `<top (required)>'


  Rendered C:/Ruby25-x64/lib/ruby/gems/2.5.0/gems/actionpack-4.2.10/lib/action_dispatch/middleware/templates/rescues/_trace.html.erb (1.9ms)
  Rendered C:/Ruby25-x64/lib/ruby/gems/2.5.0/gems/actionpack-4.2.10/lib/action_dispatch/middleware/templates/routes/_route.html.erb (0.7ms)
  Rendered C:/Ruby25-x64/lib/ruby/gems/2.5.0/gems/actionpack-4.2.10/lib/action_dispatch/middleware/templates/routes/_table.html.erb (1.3ms)
  Rendered C:/Ruby25-x64/lib/ruby/gems/2.5.0/gems/actionpack-4.2.10/lib/action_dispatch/middleware/templates/rescues/_request_and_response.html.erb (1.2ms)
  Rendered C:/Ruby25-x64/lib/ruby/gems/2.5.0/gems/actionpack-4.2.10/lib/action_dispatch/middleware/templates/rescues/routing_error.html.erb within rescues/layout (1365.3ms)


Started GET "/favicon.ico" for ::1 at 2018-11-13 16:58:03 +0100

ActionController::RoutingError (No route matches [GET] "/favicon.ico"):
  actionpack (4.2.10) lib/action_dispatch/middleware/debug_exceptions.rb:21:in `call'
  actionpack (4.2.10) lib/action_dispatch/middleware/show_exceptions.rb:30:in `call'
  railties (4.2.10) lib/rails/rack/logger.rb:38:in `call_app'
  railties (4.2.10) lib/rails/rack/logger.rb:20:in `block in call'
  activesupport (4.2.10) lib/active_support/tagged_logging.rb:68:in `block in tagged'
  activesupport (4.2.10) lib/active_support/tagged_logging.rb:26:in `tagged'
  activesupport (4.2.10) lib/active_support/tagged_logging.rb:68:in `tagged'
  railties (4.2.10) lib/rails/rack/logger.rb:20:in `call'
  actionpack (4.2.10) lib/action_dispatch/middleware/request_id.rb:21:in `call'
  rack (1.6.11) lib/rack/methodoverride.rb:22:in `call'
  rack (1.6.11) lib/rack/runtime.rb:18:in `call'
  activesupport (4.2.10) lib/active_support/cache/strategy/local_cache_middleware.rb:28:in `call'
  rack (1.6.11) lib/rack/lock.rb:17:in `call'
  actionpack (4.2.10) lib/action_dispatch/middleware/static.rb:120:in `call'
  rack (1.6.11) lib/rack/sendfile.rb:113:in `call'
  railties (4.2.10) lib/rails/engine.rb:518:in `call'
  railties (4.2.10) lib/rails/application.rb:165:in `call'
  rack (1.6.11) lib/rack/lock.rb:17:in `call'
  rack (1.6.11) lib/rack/content_length.rb:15:in `call'
  rack (1.6.11) lib/rack/handler/webrick.rb:88:in `service'
  C:/Ruby25-x64/lib/ruby/2.5.0/webrick/httpserver.rb:140:in `service'
  C:/Ruby25-x64/lib/ruby/2.5.0/webrick/httpserver.rb:96:in `run'
  C:/Ruby25-x64/lib/ruby/2.5.0/webrick/server.rb:307:in `block in start_thread'


  Rendered C:/Ruby25-x64/lib/ruby/gems/2.5.0/gems/actionpack-4.2.10/lib/action_dispatch/middleware/templates/rescues/_trace.html.erb (1.0ms)
  Rendered C:/Ruby25-x64/lib/ruby/gems/2.5.0/gems/actionpack-4.2.10/lib/action_dispatch/middleware/templates/routes/_route.html.erb (0.7ms)
  Rendered C:/Ruby25-x64/lib/ruby/gems/2.5.0/gems/actionpack-4.2.10/lib/action_dispatch/middleware/templates/routes/_table.html.erb (1.0ms)
  Rendered C:/Ruby25-x64/lib/ruby/gems/2.5.0/gems/actionpack-4.2.10/lib/action_dispatch/middleware/templates/rescues/_request_and_response.html.erb (1.1ms)
  Rendered C:/Ruby25-x64/lib/ruby/gems/2.5.0/gems/actionpack-4.2.10/lib/action_dispatch/middleware/templates/rescues/routing_error.html.erb within rescues/layout (1344.7ms)


Started GET "/" for ::1 at 2018-11-13 16:58:21 +0100
Processing by TasksController#index as HTML
  [1m[36mTask Load (0.6ms)[0m  [1mSELECT "tasks".* FROM "tasks"[0m
  Rendered tasks/index.html.erb within layouts/application (4.0ms)
Completed 200 OK in 106ms (Views: 99.8ms | ActiveRecord: 0.8ms)


Started GET "/assets/application.css?body=1" for ::1 at 2018-11-13 16:58:21 +0100


Started GET "/assets/jquery.js?body=1" for ::1 at 2018-11-13 16:58:21 +0100


Started GET "/assets/jquery_ujs.js?body=1" for ::1 at 2018-11-13 16:58:21 +0100


Started GET "/assets/turbolinks.js?body=1" for ::1 at 2018-11-13 16:58:21 +0100


Started GET "/assets/application.js?body=1" for ::1 at 2018-11-13 16:58:21 +0100


Started GET "/favicon.ico" for ::1 at 2018-11-13 16:58:21 +0100

ActionController::RoutingError (No route matches [GET] "/favicon.ico"):
  actionpack (4.2.10) lib/action_dispatch/middleware/debug_exceptions.rb:21:in `call'
  actionpack (4.2.10) lib/action_dispatch/middleware/show_exceptions.rb:30:in `call'
  railties (4.2.10) lib/rails/rack/logger.rb:38:in `call_app'
  railties (4.2.10) lib/rails/rack/logger.rb:20:in `block in call'
  activesupport (4.2.10) lib/active_support/tagged_logging.rb:68:in `block in tagged'
  activesupport (4.2.10) lib/active_support/tagged_logging.rb:26:in `tagged'
  activesupport (4.2.10) lib/active_support/tagged_logging.rb:68:in `tagged'
  railties (4.2.10) lib/rails/rack/logger.rb:20:in `call'
  actionpack (4.2.10) lib/action_dispatch/middleware/request_id.rb:21:in `call'
  rack (1.6.11) lib/rack/methodoverride.rb:22:in `call'
  rack (1.6.11) lib/rack/runtime.rb:18:in `call'
  activesupport (4.2.10) lib/active_support/cache/strategy/local_cache_middleware.rb:28:in `call'
  rack (1.6.11) lib/rack/lock.rb:17:in `call'
  actionpack (4.2.10) lib/action_dispatch/middleware/static.rb:120:in `call'
  rack (1.6.11) lib/rack/sendfile.rb:113:in `call'
  railties (4.2.10) lib/rails/engine.rb:518:in `call'
  railties (4.2.10) lib/rails/application.rb:165:in `call'
  rack (1.6.11) lib/rack/lock.rb:17:in `call'
  rack (1.6.11) lib/rack/content_length.rb:15:in `call'
  rack (1.6.11) lib/rack/handler/webrick.rb:88:in `service'
  C:/Ruby25-x64/lib/ruby/2.5.0/webrick/httpserver.rb:140:in `service'
  C:/Ruby25-x64/lib/ruby/2.5.0/webrick/httpserver.rb:96:in `run'
  C:/Ruby25-x64/lib/ruby/2.5.0/webrick/server.rb:307:in `block in start_thread'


  Rendered C:/Ruby25-x64/lib/ruby/gems/2.5.0/gems/actionpack-4.2.10/lib/action_dispatch/middleware/templates/rescues/_trace.html.erb (1.0ms)
  Rendered C:/Ruby25-x64/lib/ruby/gems/2.5.0/gems/actionpack-4.2.10/lib/action_dispatch/middleware/templates/routes/_route.html.erb (0.7ms)
  Rendered C:/Ruby25-x64/lib/ruby/gems/2.5.0/gems/actionpack-4.2.10/lib/action_dispatch/middleware/templates/routes/_table.html.erb (2.5ms)
  Rendered C:/Ruby25-x64/lib/ruby/gems/2.5.0/gems/actionpack-4.2.10/lib/action_dispatch/middleware/templates/rescues/_request_and_response.html.erb (1.1ms)
  Rendered C:/Ruby25-x64/lib/ruby/gems/2.5.0/gems/actionpack-4.2.10/lib/action_dispatch/middleware/templates/rescues/routing_error.html.erb within rescues/layout (1866.3ms)


Started GET "/tasks/new" for ::1 at 2018-11-13 16:58:26 +0100
Processing by TasksController#new as JS
  Rendered tasks/_form.html.erb (0.6ms)
  Rendered tasks/new.js.erb (131.7ms)
Completed 500 Internal Server Error in 308ms (ActiveRecord: 0.3ms)

SyntaxError (D:/github/_tutorials/ruby/8.ajax_static-task-list/app/views/tasks/_form.html.erb:1: syntax error, unexpected ','
...ppend=  simple_form_for @task,, remote: true do |f| @output_...
...                              ^
D:/github/_tutorials/ruby/8.ajax_static-task-list/app/views/tasks/_form.html.erb:7: syntax error, unexpected keyword_ensure, expecting end-of-input
          ensure
          ^~~~~~):
  app/views/tasks/_form.html.erb:1: syntax error, unexpected ','
  app/views/tasks/_form.html.erb:7: syntax error, unexpected keyword_ensure, expecting end-of-input
  app/views/tasks/new.js.erb:1:in `_app_views_tasks_new_js_erb__329610128_60134200'


  Rendered C:/Ruby25-x64/lib/ruby/gems/2.5.0/gems/actionpack-4.2.10/lib/action_dispatch/middleware/templates/rescues/_source.erb (0.6ms)
  Rendered C:/Ruby25-x64/lib/ruby/gems/2.5.0/gems/actionpack-4.2.10/lib/action_dispatch/middleware/templates/rescues/_trace.text.erb (0.5ms)
  Rendered C:/Ruby25-x64/lib/ruby/gems/2.5.0/gems/actionpack-4.2.10/lib/action_dispatch/middleware/templates/rescues/_request_and_response.text.erb (0.7ms)
  Rendered C:/Ruby25-x64/lib/ruby/gems/2.5.0/gems/actionpack-4.2.10/lib/action_dispatch/middleware/templates/rescues/diagnostics.text.erb (991.6ms)


Started GET "/" for ::1 at 2018-11-13 16:58:40 +0100
Processing by TasksController#index as HTML
  [1m[35mTask Load (0.2ms)[0m  SELECT "tasks".* FROM "tasks"
  Rendered tasks/index.html.erb within layouts/application (1.6ms)
Completed 200 OK in 68ms (Views: 66.8ms | ActiveRecord: 0.2ms)


Started GET "/assets/application.js?body=1" for ::1 at 2018-11-13 16:58:41 +0100


Started GET "/assets/jquery_ujs.js?body=1" for ::1 at 2018-11-13 16:58:41 +0100


Started GET "/assets/turbolinks.js?body=1" for ::1 at 2018-11-13 16:58:41 +0100


Started GET "/assets/jquery.js?body=1" for ::1 at 2018-11-13 16:58:41 +0100


Started GET "/assets/application.css?body=1" for ::1 at 2018-11-13 16:58:41 +0100


Started GET "/favicon.ico" for ::1 at 2018-11-13 16:58:41 +0100

ActionController::RoutingError (No route matches [GET] "/favicon.ico"):
  actionpack (4.2.10) lib/action_dispatch/middleware/debug_exceptions.rb:21:in `call'
  actionpack (4.2.10) lib/action_dispatch/middleware/show_exceptions.rb:30:in `call'
  railties (4.2.10) lib/rails/rack/logger.rb:38:in `call_app'
  railties (4.2.10) lib/rails/rack/logger.rb:20:in `block in call'
  activesupport (4.2.10) lib/active_support/tagged_logging.rb:68:in `block in tagged'
  activesupport (4.2.10) lib/active_support/tagged_logging.rb:26:in `tagged'
  activesupport (4.2.10) lib/active_support/tagged_logging.rb:68:in `tagged'
  railties (4.2.10) lib/rails/rack/logger.rb:20:in `call'
  actionpack (4.2.10) lib/action_dispatch/middleware/request_id.rb:21:in `call'
  rack (1.6.11) lib/rack/methodoverride.rb:22:in `call'
  rack (1.6.11) lib/rack/runtime.rb:18:in `call'
  activesupport (4.2.10) lib/active_support/cache/strategy/local_cache_middleware.rb:28:in `call'
  rack (1.6.11) lib/rack/lock.rb:17:in `call'
  actionpack (4.2.10) lib/action_dispatch/middleware/static.rb:120:in `call'
  rack (1.6.11) lib/rack/sendfile.rb:113:in `call'
  railties (4.2.10) lib/rails/engine.rb:518:in `call'
  railties (4.2.10) lib/rails/application.rb:165:in `call'
  rack (1.6.11) lib/rack/lock.rb:17:in `call'
  rack (1.6.11) lib/rack/content_length.rb:15:in `call'
  rack (1.6.11) lib/rack/handler/webrick.rb:88:in `service'
  C:/Ruby25-x64/lib/ruby/2.5.0/webrick/httpserver.rb:140:in `service'
  C:/Ruby25-x64/lib/ruby/2.5.0/webrick/httpserver.rb:96:in `run'
  C:/Ruby25-x64/lib/ruby/2.5.0/webrick/server.rb:307:in `block in start_thread'


  Rendered C:/Ruby25-x64/lib/ruby/gems/2.5.0/gems/actionpack-4.2.10/lib/action_dispatch/middleware/templates/rescues/_trace.html.erb (1.1ms)
  Rendered C:/Ruby25-x64/lib/ruby/gems/2.5.0/gems/actionpack-4.2.10/lib/action_dispatch/middleware/templates/routes/_route.html.erb (0.8ms)
  Rendered C:/Ruby25-x64/lib/ruby/gems/2.5.0/gems/actionpack-4.2.10/lib/action_dispatch/middleware/templates/routes/_table.html.erb (1.0ms)
  Rendered C:/Ruby25-x64/lib/ruby/gems/2.5.0/gems/actionpack-4.2.10/lib/action_dispatch/middleware/templates/rescues/_request_and_response.html.erb (1.1ms)
  Rendered C:/Ruby25-x64/lib/ruby/gems/2.5.0/gems/actionpack-4.2.10/lib/action_dispatch/middleware/templates/rescues/routing_error.html.erb within rescues/layout (1333.1ms)


Started GET "/tasks/new" for ::1 at 2018-11-13 16:58:45 +0100
Processing by TasksController#new as JS
  Rendered tasks/_form.html.erb (7.0ms)
  Rendered tasks/new.js.erb (140.0ms)
Completed 200 OK in 322ms (Views: 321.0ms | ActiveRecord: 0.0ms)


Started GET "/" for ::1 at 2018-11-13 17:00:22 +0100
Processing by TasksController#index as HTML
  [1m[36mTask Load (0.2ms)[0m  [1mSELECT "tasks".* FROM "tasks"[0m
  Rendered collection (0.0ms)
  Rendered tasks/index.html.erb within layouts/application (3.3ms)
Completed 200 OK in 74ms (Views: 72.7ms | ActiveRecord: 0.2ms)


Started GET "/assets/application.css?body=1" for ::1 at 2018-11-13 17:00:22 +0100


Started GET "/assets/jquery.js?body=1" for ::1 at 2018-11-13 17:00:22 +0100


Started GET "/assets/jquery_ujs.js?body=1" for ::1 at 2018-11-13 17:00:22 +0100


Started GET "/assets/turbolinks.js?body=1" for ::1 at 2018-11-13 17:00:22 +0100


Started GET "/assets/application.js?body=1" for ::1 at 2018-11-13 17:00:22 +0100


Started GET "/favicon.ico" for ::1 at 2018-11-13 17:00:22 +0100

ActionController::RoutingError (No route matches [GET] "/favicon.ico"):
  actionpack (4.2.10) lib/action_dispatch/middleware/debug_exceptions.rb:21:in `call'
  actionpack (4.2.10) lib/action_dispatch/middleware/show_exceptions.rb:30:in `call'
  railties (4.2.10) lib/rails/rack/logger.rb:38:in `call_app'
  railties (4.2.10) lib/rails/rack/logger.rb:20:in `block in call'
  activesupport (4.2.10) lib/active_support/tagged_logging.rb:68:in `block in tagged'
  activesupport (4.2.10) lib/active_support/tagged_logging.rb:26:in `tagged'
  activesupport (4.2.10) lib/active_support/tagged_logging.rb:68:in `tagged'
  railties (4.2.10) lib/rails/rack/logger.rb:20:in `call'
  actionpack (4.2.10) lib/action_dispatch/middleware/request_id.rb:21:in `call'
  rack (1.6.11) lib/rack/methodoverride.rb:22:in `call'
  rack (1.6.11) lib/rack/runtime.rb:18:in `call'
  activesupport (4.2.10) lib/active_support/cache/strategy/local_cache_middleware.rb:28:in `call'
  rack (1.6.11) lib/rack/lock.rb:17:in `call'
  actionpack (4.2.10) lib/action_dispatch/middleware/static.rb:120:in `call'
  rack (1.6.11) lib/rack/sendfile.rb:113:in `call'
  railties (4.2.10) lib/rails/engine.rb:518:in `call'
  railties (4.2.10) lib/rails/application.rb:165:in `call'
  rack (1.6.11) lib/rack/lock.rb:17:in `call'
  rack (1.6.11) lib/rack/content_length.rb:15:in `call'
  rack (1.6.11) lib/rack/handler/webrick.rb:88:in `service'
  C:/Ruby25-x64/lib/ruby/2.5.0/webrick/httpserver.rb:140:in `service'
  C:/Ruby25-x64/lib/ruby/2.5.0/webrick/httpserver.rb:96:in `run'
  C:/Ruby25-x64/lib/ruby/2.5.0/webrick/server.rb:307:in `block in start_thread'


  Rendered C:/Ruby25-x64/lib/ruby/gems/2.5.0/gems/actionpack-4.2.10/lib/action_dispatch/middleware/templates/rescues/_trace.html.erb (1.0ms)
  Rendered C:/Ruby25-x64/lib/ruby/gems/2.5.0/gems/actionpack-4.2.10/lib/action_dispatch/middleware/templates/routes/_route.html.erb (0.7ms)
  Rendered C:/Ruby25-x64/lib/ruby/gems/2.5.0/gems/actionpack-4.2.10/lib/action_dispatch/middleware/templates/routes/_table.html.erb (0.9ms)
  Rendered C:/Ruby25-x64/lib/ruby/gems/2.5.0/gems/actionpack-4.2.10/lib/action_dispatch/middleware/templates/rescues/_request_and_response.html.erb (1.2ms)
  Rendered C:/Ruby25-x64/lib/ruby/gems/2.5.0/gems/actionpack-4.2.10/lib/action_dispatch/middleware/templates/rescues/routing_error.html.erb within rescues/layout (1369.1ms)


Started GET "/tasks/new" for ::1 at 2018-11-13 17:00:24 +0100
Processing by TasksController#new as JS
  Rendered tasks/_form.html.erb (5.9ms)
  Rendered tasks/new.js.erb (140.5ms)
Completed 200 OK in 317ms (Views: 316.8ms | ActiveRecord: 0.0ms)
  [1m[36m (155.6ms)[0m  [1mDROP TABLE "tasks"[0m
  [1m[35m (135.5ms)[0m  CREATE TABLE "tasks" ("id" INTEGER PRIMARY KEY AUTOINCREMENT NOT NULL, "created_at" datetime NOT NULL, "updated_at" datetime NOT NULL, "description" varchar NOT NULL, "deadline" datetime) 
  [1m[36m (0.1ms)[0m  [1mSELECT version FROM "schema_migrations"[0m
  [1m[35m (172.3ms)[0m  CREATE TABLE "tasks" ("id" INTEGER PRIMARY KEY AUTOINCREMENT NOT NULL, "created_at" datetime NOT NULL, "updated_at" datetime NOT NULL, "description" varchar NOT NULL, "deadline" datetime) 
  [1m[36m (109.0ms)[0m  [1mCREATE TABLE "schema_migrations" ("version" varchar NOT NULL) [0m
  [1m[35m (0.1ms)[0m  select sqlite_version(*)
  [1m[36m (123.0ms)[0m  [1mCREATE UNIQUE INDEX "unique_schema_migrations" ON "schema_migrations" ("version")[0m
  [1m[35m (0.2ms)[0m  SELECT version FROM "schema_migrations"
  [1m[36m (152.2ms)[0m  [1mINSERT INTO "schema_migrations" (version) VALUES ('20140620105502')[0m
  [1m[35mActiveRecord::SchemaMigration Load (0.4ms)[0m  SELECT "schema_migrations".* FROM "schema_migrations"
  [1m[36mSQL (124.2ms)[0m  [1mDELETE FROM "tasks"[0m
  [1m[35m (0.2ms)[0m  begin transaction
  [1m[36mSQL (1.9ms)[0m  [1mINSERT INTO "tasks" ("description", "deadline", "created_at", "updated_at") VALUES (?, ?, ?, ?)[0m  [["description", "This is a task description"], ["deadline", "2014-07-01 01:00:00.000000"], ["created_at", "2018-11-13 16:02:40.717586"], ["updated_at", "2018-11-13 16:02:40.717586"]]
  [1m[35m (112.5ms)[0m  commit transaction
  [1m[36m (0.2ms)[0m  [1mbegin transaction[0m
  [1m[35mSQL (2.7ms)[0m  INSERT INTO "tasks" ("description", "deadline", "created_at", "updated_at") VALUES (?, ?, ?, ?)  [["description", "This is another task description"], ["deadline", "2014-07-02 01:00:00.000000"], ["created_at", "2018-11-13 16:02:40.844859"], ["updated_at", "2018-11-13 16:02:40.844859"]]
  [1m[36m (121.4ms)[0m  [1mcommit transaction[0m
  [1m[35m (0.3ms)[0m  begin transaction
  [1m[36mSQL (2.6ms)[0m  [1mINSERT INTO "tasks" ("description", "deadline", "created_at", "updated_at") VALUES (?, ?, ?, ?)[0m  [["description", "Yet another task description"], ["deadline", "2014-07-03 01:00:00.000000"], ["created_at", "2018-11-13 16:02:40.974065"], ["updated_at", "2018-11-13 16:02:40.974065"]]
  [1m[35m (135.7ms)[0m  commit transaction
